<?xml version="1.0" encoding="UTF-8"?>
<testsuite xmlns:xsi="http://www.w3.org/2001/XMLSchema-instance" xsi:noNamespaceSchemaLocation="https://maven.apache.org/surefire/maven-surefire-plugin/xsd/surefire-test-report-3.0.xsd" version="3.0" name="edu.berkeley.cs.jqf.fuzz.util.NonZeroCachingCountersTest" time="0.205" tests="8" errors="0" skipped="0" failures="0">
  <properties>
[...]
</properties>
  <testcase name="nonZeroValuesIsAccurate" classname="edu.berkeley.cs.jqf.fuzz.util.NonZeroCachingCountersTest" time="0"/>
  <testcase name="setAtIndexWorks" classname="edu.berkeley.cs.jqf.fuzz.util.NonZeroCachingCountersTest" time="0"/>
  <testcase name="incrementDeltaWorks" classname="edu.berkeley.cs.jqf.fuzz.util.NonZeroCachingCountersTest" time="0.025"/>
  <testcase name="incrementDeltaWorks" classname="edu.berkeley.cs.jqf.fuzz.util.NonZeroCachingCountersTest" time="0.068"/>
  <testcase name="nonZeroSizeIsAccurate" classname="edu.berkeley.cs.jqf.fuzz.util.NonZeroCachingCountersTest" time="0.002"/>
  <testcase name="clearsToZero" classname="edu.berkeley.cs.jqf.fuzz.util.NonZeroCachingCountersTest" time="0.049"/>
  <testcase name="incrementWorks" classname="edu.berkeley.cs.jqf.fuzz.util.NonZeroCachingCountersTest" time="0.038"/>
  <testcase name="nonZeroIndicesIsAccurate" classname="edu.berkeley.cs.jqf.fuzz.util.NonZeroCachingCountersTest" time="0.021"/>
</testsuite>